<?xml version="1.0" encoding="UTF-8"?>
<!-- Generated by org.testng.reporters.JUnitReportReporter -->
<testsuite hostname="ISTN27451" failures="0" tests="1" name="test.tools.webapp.automation.Smoke.ContactTest" time="49.584" errors="0" timestamp="2020-05-17T03:15:22 EET" skipped="0">
  <testcase classname="test.tools.webapp.automation.Smoke.ContactTest" name="ContactTestAdd" time="49.584"/>
  <system-out/>
</testsuite> <!-- test.tools.webapp.automation.Smoke.ContactTest -->
