<?xml version="1.0" encoding="UTF-8"?>
<!-- Generated by org.testng.reporters.JUnitReportReporter -->
<testsuite hostname="ISTN27451" failures="0" tests="1" name="test.tools.webapp.automation.Smoke.PermissionsTest" time="46.880" errors="0" timestamp="2020-05-18T03:36:27 EET" skipped="0">
  <testcase classname="test.tools.webapp.automation.Smoke.PermissionsTest" name="PermissionTestAdd" time="46.880"/>
  <system-out/>
</testsuite> <!-- test.tools.webapp.automation.Smoke.PermissionsTest -->
