<?xml version="1.0" encoding="UTF-8"?>
<!-- Generated by org.testng.reporters.JUnitReportReporter -->
<testsuite hostname="ISTN27451" failures="0" tests="1" name="test.tools.webapp.automation.Smoke.DigiTest" time="143.269" errors="0" timestamp="2020-05-20T02:47:05 EET" skipped="0">
  <testcase classname="test.tools.webapp.automation.Smoke.DigiTest" name="DigiTestAdd" time="143.269"/>
  <system-out/>
</testsuite> <!-- test.tools.webapp.automation.Smoke.DigiTest -->
