<?xml version="1.0" encoding="UTF-8"?>
<!-- Generated by org.testng.reporters.JUnitReportReporter -->
<testsuite hostname="ISTN27451" failures="0" tests="1" name="test.tools.webapp.automation.Smoke.RegionTest" time="54.909" errors="0" timestamp="2020-05-07T13:11:35 EET" skipped="0">
  <testcase classname="test.tools.webapp.automation.Smoke.RegionTest" name="LoginTest" time="54.909"/>
  <system-out/>
</testsuite> <!-- test.tools.webapp.automation.Smoke.RegionTest -->
